<?xml version="1.0" encoding="UTF-8"?>
<!-- Generated by org.testng.reporters.JUnitReportReporter -->
<testsuite hostname="DESKTOP-NMO5UD7" failures="0" tests="1" name="com.selenium.testcases.Test3" time="3.665" errors="0" timestamp="2023-09-05T23:58:30 EEST" skipped="0">
  <testcase classname="com.selenium.testcases.Test3" name="ThirdTest" time="3.665"/>
  <system-out/>
</testsuite> <!-- com.selenium.testcases.Test3 -->
