<?xml version="1.0" encoding="UTF-8"?>
<!-- Generated by org.testng.reporters.JUnitReportReporter -->
<testsuite hostname="DESKTOP-NMO5UD7" failures="0" tests="1" name="com.selenium.testcases.Test2" time="12.390" errors="0" timestamp="2023-09-05T23:59:00 EEST" skipped="0">
  <testcase classname="com.selenium.testcases.Test2" name="SecondTest" time="12.390"/>
  <system-out/>
</testsuite> <!-- com.selenium.testcases.Test2 -->
